[debug] [2025-02-10T05:30:30.646Z] ----------------------------------------------------------------------
[debug] [2025-02-10T05:30:30.648Z] Command:       C:\nvm4w\nodejs\node.exe C:\Users\KaraCBC\AppData\Roaming\npm\node_modules\firebase-tools\lib\bin\firebase.js init
[debug] [2025-02-10T05:30:30.649Z] CLI Version:   12.9.1
[debug] [2025-02-10T05:30:30.649Z] Platform:      win32
[debug] [2025-02-10T05:30:30.649Z] Node Version:  v16.13.2
[debug] [2025-02-10T05:30:30.651Z] Time:          Sun Feb 09 2025 23:30:30 GMT-0600 (Central Standard Time)
[debug] [2025-02-10T05:30:30.651Z] ----------------------------------------------------------------------
[debug] 
[debug] [2025-02-10T05:30:30.659Z] > command requires scopes: ["email","openid","https://www.googleapis.com/auth/cloudplatformprojects.readonly","https://www.googleapis.com/auth/firebase","https://www.googleapis.com/auth/cloud-platform"]
[debug] [2025-02-10T05:30:30.660Z] > authorizing via signed-in user (k.gresham09@gmail.com)
[info] 
     ######## #### ########  ######## ########     ###     ######  ########
     ##        ##  ##     ## ##       ##     ##  ##   ##  ##       ##
     ######    ##  ########  ######   ########  #########  ######  ######
     ##        ##  ##    ##  ##       ##     ## ##     ##       ## ##
     ##       #### ##     ## ######## ########  ##     ##  ######  ########

You're about to initialize a Firebase project in this directory:

  C:\Users\KaraCBC\Desktop\NucampFolder\nerdy-knowledge

[info] 
=== Project Setup
[info] 
[info] First, let's associate this project directory with a Firebase project.
[info] You can create multiple project aliases by running firebase use --add, 
[info] but for now we'll just set up a default project.
[info] 
[debug] [2025-02-10T05:31:10.056Z] >>> [apiv2][query] GET https://firebase.googleapis.com/v1beta1/projects pageSize=100
[debug] [2025-02-10T05:31:10.467Z] <<< [apiv2][status] GET https://firebase.googleapis.com/v1beta1/projects 200
[debug] [2025-02-10T05:31:10.469Z] <<< [apiv2][body] GET https://firebase.googleapis.com/v1beta1/projects [omitted]
[info] i  Using project nerdy-knowledge (nerdy-knowledge) 
[info] 
=== Hosting Setup
[debug] [2025-02-10T05:31:13.514Z] >>> [apiv2][query] GET https://firebase.googleapis.com/v1beta1/projects/nerdy-knowledge [none]
[debug] [2025-02-10T05:31:13.699Z] <<< [apiv2][status] GET https://firebase.googleapis.com/v1beta1/projects/nerdy-knowledge 200
[debug] [2025-02-10T05:31:13.700Z] <<< [apiv2][body] GET https://firebase.googleapis.com/v1beta1/projects/nerdy-knowledge {"projectId":"nerdy-knowledge","projectNumber":"104222798438","displayName":"nerdy-knowledge","name":"projects/nerdy-knowledge","resources":{"hostingSite":"nerdy-knowledge"},"state":"ACTIVE","etag":"1_b3a326c9-018c-4905-b5dd-8cdc46c87b39"}
[info] 
[info] Your public directory is the folder (relative to your project directory) that
[info] will contain Hosting assets to be uploaded with firebase deploy. If you
[info] have a build process for your assets, use your build's output directory.
[info] 
